[15:33:34] [ServerMain/INFO]: [bootstrap] Running Java 21 (Java HotSpot(TM) 64-Bit Server VM 21.0.8+12-LTS-250; Oracle Corporation null) on Windows 11 10.0 (amd64)
[15:33:34] [ServerMain/INFO]: [bootstrap] Loading Paper 1.21.8-60-main@29c8822 (2025-09-06T21:49:13Z) for Minecraft 1.21.8
[15:33:35] [ServerMain/WARN]: [oshi.driver.windows.perfmon.PerfmonDisabled] Invalid registry value type detected for PerfOS counters. Should be REG_DWORD. Ignoring: HKEY_LOCAL_MACHINE\SYSTEM\CurrentControlSet\Services\PerfOS\Performance\Disable Performance Counters.
[15:33:36] [ServerMain/INFO]: [PluginInitializerManager] Initializing plugins...
[15:33:37] [ServerMain/INFO]: [PluginInitializerManager] Initialized 1 plugin
[15:33:37] [ServerMain/INFO]: [PluginInitializerManager] Bukkit plugins (1):
 - itokagimaru_daw (1.0-SNAPSHOT)
[15:33:51] [ServerMain/INFO]: Environment: Environment[sessionHost=https://sessionserver.mojang.com, servicesHost=https://api.minecraftservices.com, name=PROD]
[15:33:58] [ServerMain/INFO]: Loaded 1407 recipes
[15:33:58] [ServerMain/INFO]: Loaded 1520 advancements
[15:33:58] [ServerMain/INFO]: [ca.spottedleaf.dataconverter.minecraft.datatypes.MCTypeRegistry] Initialising converters for DataConverter...
[15:33:59] [ServerMain/INFO]: [ca.spottedleaf.dataconverter.minecraft.datatypes.MCTypeRegistry] Finished initialising converters for DataConverter in 936.6ms
[15:33:59] [Server thread/INFO]: Starting minecraft server version 1.21.8
[15:33:59] [Server thread/INFO]: Loading properties
[15:33:59] [Server thread/INFO]: This server is running Paper version 1.21.8-60-main@29c8822 (2025-09-06T21:49:13Z) (Implementing API version 1.21.8-R0.1-SNAPSHOT)
[15:33:59] [Server thread/INFO]: [spark] This server bundles the spark profiler. For more information please visit https://docs.papermc.io/paper/profiling
[15:33:59] [Server thread/INFO]: Server Ping Player Sample Count: 12
[15:33:59] [Server thread/INFO]: Using 4 threads for Netty based IO
[15:34:01] [Server thread/INFO]: [MoonriseCommon] Paper is using 3 worker threads, 1 I/O threads
[15:34:01] [Server thread/INFO]: [ChunkTaskScheduler] Chunk system is using population gen parallelism: true
[15:34:02] [Server thread/INFO]: Default game type: SURVIVAL
[15:34:02] [Server thread/INFO]: Generating keypair
[15:34:02] [Server thread/INFO]: Starting Minecraft server on *:25565
[15:34:02] [Server thread/INFO]: Using default channel type
[15:34:02] [Server thread/INFO]: Paper: Using Java compression from Velocity.
[15:34:02] [Server thread/INFO]: Paper: Using Java cipher from Velocity.
[15:34:02] [Server thread/INFO]: [itokagimaru_daw] Loading server plugin itokagimaru_daw v1.0-SNAPSHOT
[15:34:02] [Server thread/INFO]: Server permissions file permissions.yml is empty, ignoring it
[15:34:02] [Server thread/INFO]: Preparing level "world"
[15:34:03] [Server thread/INFO]: Preparing start region for dimension minecraft:overworld
[15:34:04] [Server thread/INFO]: Preparing spawn area: 0%
[15:34:04] [Server thread/INFO]: Preparing spawn area: 0%
[15:34:06] [Server thread/INFO]: Preparing spawn area: 12%
[15:34:06] [Server thread/INFO]: Preparing spawn area: 12%
[15:34:06] [Server thread/INFO]: Preparing spawn area: 12%
[15:34:06] [Server thread/INFO]: Preparing spawn area: 12%
[15:34:06] [Server thread/INFO]: Time elapsed: 2613 ms
[15:34:06] [Server thread/INFO]: Preparing start region for dimension minecraft:the_nether
[15:34:06] [Server thread/INFO]: Preparing spawn area: 0%
[15:34:07] [Server thread/INFO]: Preparing spawn area: 51%
[15:34:07] [Server thread/INFO]: Preparing spawn area: 73%
[15:34:07] [Server thread/INFO]: Time elapsed: 1050 ms
[15:34:07] [Server thread/INFO]: Preparing start region for dimension minecraft:the_end
[15:34:07] [Server thread/INFO]: Preparing spawn area: 0%
[15:34:07] [Server thread/INFO]: Time elapsed: 204 ms
[15:34:07] [Server thread/INFO]: [itokagimaru_daw] Enabling itokagimaru_daw v1.0-SNAPSHOT
[15:34:07] [Server thread/INFO]: [itokagimaru_daw] music save success: {ce54c9f5-c3fb-496e-a362-9c910ff72403=[I@645701b8}
[15:34:08] [Server thread/INFO]: [spark] Starting background profiler...
[15:34:08] [Server thread/INFO]: [spark] The async-profiler engine is not supported for your os/arch (windows11/amd64), so the built-in Java engine will be used instead.
[15:34:08] [Server thread/INFO]: Done preparing level "world" (5.674s)
[15:34:08] [Server thread/INFO]: Running delayed init tasks
[15:34:08] [Server thread/INFO]: Done (36.516s)! For help, type "help"
[15:35:48] [User Authenticator #0/INFO]: UUID of player itokagimaru is ce54c9f5-c3fb-496e-a362-9c910ff72403
[15:35:50] [Server thread/INFO]: itokagimaru joined the game
[15:35:50] [Server thread/INFO]: itokagimaru[/127.0.0.1:52948] logged in with entity id 9 at ([world]-83.74442853171027, 113.0, -126.02652682679806)
[15:44:50] [Server thread/INFO]: itokagimaru lost connection: Disconnected
[15:44:50] [Server thread/WARN]: net.kyori.adventure.text.LegacyFormattingDetected: Legacy formatting codes have been detected in a component - this is unsupported behaviour. Please refer to the Adventure documentation (https://docs.advntr.dev) for more information. Component: TextComponentImpl{content="§b打ち込みモード", style=StyleImpl{obfuscated=not_set, bold=not_set, strikethrough=not_set, underlined=not_set, italic=not_set, color=null, shadowColor=null, clickEvent=null, hoverEvent=null, insertion=null, font=null}, children=[]}
[15:44:50] [Server thread/WARN]: 	at net.kyori.adventure.text.TextComponentImpl.warnWhenLegacyFormattingDetected(TextComponentImpl.java:84)
[15:44:50] [Server thread/WARN]: 	at net.kyori.adventure.text.TextComponentImpl.<init>(TextComponentImpl.java:74)
[15:44:50] [Server thread/WARN]: 	at net.kyori.adventure.text.TextComponentImpl.create(TextComponentImpl.java:55)
[15:44:50] [Server thread/WARN]: 	at net.kyori.adventure.text.Component.text(Component.java:821)
[15:44:50] [Server thread/WARN]: 	at net.kyori.adventure.text.Component.text(Component.java:808)
[15:44:50] [Server thread/WARN]: 	at itokagimaru_daw-1.0-SNAPSHOT-1761194106206.jar//io.github.itokagimaru.itokagimaru_daw.listeners.Daw_close_inventory_listeners.Daw_close_inventory(Daw_close_inventory_listeners.java:17)
[15:44:50] [Server thread/WARN]: 	at co.aikar.timings.TimedEventExecutor.execute(TimedEventExecutor.java:80)
[15:44:50] [Server thread/WARN]: 	at org.bukkit.plugin.RegisteredListener.callEvent(RegisteredListener.java:71)
[15:44:50] [Server thread/WARN]: 	at io.papermc.paper.plugin.manager.PaperEventManager.callEvent(PaperEventManager.java:54)
[15:44:50] [Server thread/WARN]: 	at io.papermc.paper.plugin.manager.PaperPluginManagerImpl.callEvent(PaperPluginManagerImpl.java:131)
[15:44:50] [Server thread/WARN]: 	at org.bukkit.plugin.SimplePluginManager.callEvent(SimplePluginManager.java:628)
[15:44:50] [Server thread/WARN]: 	at org.bukkit.craftbukkit.event.CraftEventFactory.handleInventoryCloseEvent(CraftEventFactory.java:1472)
[15:44:50] [Server thread/WARN]: 	at net.minecraft.server.level.ServerPlayer.closeContainer(ServerPlayer.java:1810)
[15:44:50] [Server thread/WARN]: 	at org.bukkit.craftbukkit.entity.CraftHumanEntity.closeInventory(CraftHumanEntity.java:602)
[15:44:50] [Server thread/WARN]: 	at net.minecraft.server.level.ServerLevel$EntityCallbacks.onTrackingEnd(ServerLevel.java:2735)
[15:44:50] [Server thread/WARN]: 	at net.minecraft.server.level.ServerLevel$EntityCallbacks.onTrackingEnd(ServerLevel.java:2624)
[15:44:50] [Server thread/WARN]: 	at ca.spottedleaf.moonrise.patches.chunk_system.level.entity.EntityLookup.entityStatusChange(EntityLookup.java:304)
[15:44:50] [Server thread/WARN]: 	at ca.spottedleaf.moonrise.patches.chunk_system.level.entity.EntityLookup$EntityCallback.onRemove(EntityLookup.java:988)
[15:44:50] [Server thread/WARN]: 	at net.minecraft.world.entity.Entity.setRemoved(Entity.java:5144)
[15:44:50] [Server thread/WARN]: 	at net.minecraft.world.entity.Entity.remove(Entity.java:716)
[15:44:50] [Server thread/WARN]: 	at net.minecraft.world.entity.LivingEntity.remove(LivingEntity.java:740)
[15:44:50] [Server thread/WARN]: 	at net.minecraft.world.entity.player.Player.remove(Player.java:1424)
[15:44:50] [Server thread/WARN]: 	at net.minecraft.server.level.ServerLevel.removePlayerImmediately(ServerLevel.java:1593)
[15:44:50] [Server thread/WARN]: 	at net.minecraft.server.players.PlayerList.remove(PlayerList.java:573)
[15:44:50] [Server thread/WARN]: 	at net.minecraft.server.players.PlayerList.remove(PlayerList.java:507)
[15:44:50] [Server thread/WARN]: 	at net.minecraft.server.network.ServerGamePacketListenerImpl.removePlayerFromWorld(ServerGamePacketListenerImpl.java:2203)
[15:44:50] [Server thread/WARN]: 	at net.minecraft.server.network.ServerGamePacketListenerImpl.onDisconnect(ServerGamePacketListenerImpl.java:2181)
[15:44:50] [Server thread/WARN]: 	at net.minecraft.network.Connection.handleDisconnection(Connection.java:858)
[15:44:50] [Server thread/WARN]: 	at net.minecraft.server.network.ServerConnectionListener.tick(ServerConnectionListener.java:270)
[15:44:50] [Server thread/WARN]: 	at net.minecraft.server.MinecraftServer.tickConnection(MinecraftServer.java:1763)
[15:44:50] [Server thread/WARN]: 	at net.minecraft.server.dedicated.DedicatedServer.tickConnection(DedicatedServer.java:385)
[15:44:50] [Server thread/WARN]: 	at net.minecraft.server.MinecraftServer.tickChildren(MinecraftServer.java:1739)
[15:44:50] [Server thread/WARN]: 	at net.minecraft.server.MinecraftServer.tickServer(MinecraftServer.java:1531)
[15:44:50] [Server thread/WARN]: 	at net.minecraft.server.MinecraftServer.runServer(MinecraftServer.java:1253)
[15:44:50] [Server thread/WARN]: 	at net.minecraft.server.MinecraftServer.lambda$spin$2(MinecraftServer.java:310)
[15:44:50] [Server thread/WARN]: 	at java.base/java.lang.Thread.run(Thread.java:1583)
[15:44:50] [Server thread/INFO]: itokagimaru left the game
